<?xml version="1.0" encoding="UTF-8"?>
<!-- Generated by org.testng.reporters.JUnitXMLReporter -->
<testsuite ignored="0" hostname="DESKTOP-3BVRUOA" failures="0" tests="1" name="Test" time="0.192" errors="0" timestamp="06 Aug 2021 18:41:31 GMT">
  <testcase classname="com.Orangehrm_hybridframework.testBases.TestBase" name="@BeforeTest setUP" time="0.132">
    <failure type="java.lang.IllegalStateException" message="The driver executable does not exist: D:\installer\operadriver_win64\chromedriver.exe">
      <![CDATA[java.lang.IllegalStateException: The driver executable does not exist: D:\installer\operadriver_win64\chromedriver.exe
at com.google.common.base.Preconditions.checkState(Preconditions.java:589)
at org.openqa.selenium.remote.service.DriverService.checkExecutable(DriverService.java:147)
at org.openqa.selenium.remote.service.DriverService.findExecutable(DriverService.java:142)
at org.openqa.selenium.chrome.ChromeDriverService.access$000(ChromeDriverService.java:35)
at org.openqa.selenium.chrome.ChromeDriverService$Builder.findDefaultExecutable(ChromeDriverService.java:159)
at org.openqa.selenium.remote.service.DriverService$Builder.build(DriverService.java:363)
at org.openqa.selenium.chrome.ChromeDriverService.createDefaultService(ChromeDriverService.java:94)
at org.openqa.selenium.chrome.ChromeDriver.<init>(ChromeDriver.java:131)
at com.Orangehrm_hybridframework.testBases.TestBase.setUP(TestBase.java:20)
... Removed 24 stack frames]]>
    </failure>
  </testcase> <!-- @BeforeTest setUP -->
  <testcase classname="com.Orangehrm_hybridframework.testBases.TestBase" name="@AfterMethod tearDown" time="0.0">
    <skipped/>
  </testcase> <!-- @AfterMethod tearDown -->
  <testcase classname="com.Orangehrm_hybridframework.testCases.Logine_TC01" name="test" time="0.0">
    <skipped/>
  </testcase> <!-- test -->
</testsuite> <!-- Test -->
